<?xml version="1.0" encoding="UTF-8"?>
<!-- Generated by org.testng.reporters.JUnitXMLReporter -->
<testsuite ignored="0" hostname="L-INE-25TSYZ2" failures="0" tests="3" name="Default test" time="8.106" errors="0" timestamp="2024-11-19T15:54:47 IST">
  <testcase classname="com.api.getData.PostAPIFlow" name="getRequest" time="2.949"/>
  <testcase classname="com.api.getData.PostAPIFlow" name="getNetworkValues" time="3.809"/>
  <testcase classname="com.api.getData.PostAPIFlow" name="postRequest" time="0.837"/>
</testsuite> <!-- Default test -->
