<?xml version="1.0" encoding="UTF-8"?>
<testng-results ignored="0" total="3" passed="3" failed="0" skipped="0">
  <reporter-output>
  </reporter-output>
  <suite started-at="2024-11-19T15:54:39 IST" name="Default suite" finished-at="2024-11-19T15:54:47 IST" duration-ms="8106">
    <groups>
    </groups>
    <test started-at="2024-11-19T15:54:39 IST" name="Default test" finished-at="2024-11-19T15:54:47 IST" duration-ms="8106">
      <class name="com.api.getData.PostAPIFlow">
        <test-method is-config="true" signature="setup()[pri:0, instance:com.api.getData.PostAPIFlow@1750fbeb]" started-at="2024-11-19T15:54:39 IST" name="setup" finished-at="2024-11-19T15:54:40 IST" duration-ms="463" status="PASS">
          <reporter-output>
          </reporter-output>
        </test-method> <!-- setup -->
        <test-method signature="getRequest()[pri:1, instance:com.api.getData.PostAPIFlow@1750fbeb]" started-at="2024-11-19T15:54:40 IST" name="getRequest" finished-at="2024-11-19T15:54:42 IST" duration-ms="2949" status="PASS">
          <reporter-output>
          </reporter-output>
        </test-method> <!-- getRequest -->
        <test-method signature="getNetworkValues()[pri:2, instance:com.api.getData.PostAPIFlow@1750fbeb]" started-at="2024-11-19T15:54:42 IST" name="getNetworkValues" finished-at="2024-11-19T15:54:46 IST" duration-ms="3809" status="PASS">
          <reporter-output>
          </reporter-output>
        </test-method> <!-- getNetworkValues -->
        <test-method signature="postRequest()[pri:3, instance:com.api.getData.PostAPIFlow@1750fbeb]" started-at="2024-11-19T15:54:46 IST" name="postRequest" finished-at="2024-11-19T15:54:47 IST" duration-ms="837" status="PASS">
          <reporter-output>
          </reporter-output>
        </test-method> <!-- postRequest -->
        <test-method is-config="true" signature="tearDown()[pri:0, instance:com.api.getData.PostAPIFlow@1750fbeb]" started-at="2024-11-19T15:54:47 IST" name="tearDown" finished-at="2024-11-19T15:54:47 IST" duration-ms="0" status="PASS">
          <reporter-output>
          </reporter-output>
        </test-method> <!-- tearDown -->
      </class> <!-- com.api.getData.PostAPIFlow -->
    </test> <!-- Default test -->
  </suite> <!-- Default suite -->
</testng-results>
